<?xml version="1.0" encoding="UTF-8"?>
<!-- Generated by org.testng.reporters.JUnitReportReporter -->
<testsuite hostname="DESKTOP-UUJJO93" failures="0" tests="1" name="com.annular.testrunners.TC_531" time="30.636" errors="0" timestamp="2021-07-12T15:47:05 IST" skipped="0">
  <testcase classname="com.annular.testrunners.TC_531" name="runScenario" time="30.636"/>
  <system-out/>
</testsuite> <!-- com.annular.testrunners.TC_531 -->
