<?xml version="1.0" encoding="UTF-8"?>
<!-- Generated by org.testng.reporters.JUnitReportReporter -->
<testsuite hostname="DESKTOP-UUJJO93" failures="0" tests="1" name="com.annular.testrunners.TC_529" time="39.547" errors="0" timestamp="2021-07-12T15:47:05 IST" skipped="0">
  <testcase classname="com.annular.testrunners.TC_529" name="runScenario" time="39.547"/>
  <system-out/>
</testsuite> <!-- com.annular.testrunners.TC_529 -->
