<?xml version="1.0" encoding="UTF-8"?>
<!-- Generated by org.testng.reporters.JUnitReportReporter -->
<testsuite hostname="DESKTOP-JG4GJSD" failures="0" tests="1" name="com.annular.testrunners.TC_534" time="26.306" errors="0" timestamp="2022-02-19T16:30:27 IST" skipped="0">
  <testcase classname="com.annular.testrunners.TC_534" name="runScenario" time="26.306"/>
  <system-out/>
</testsuite> <!-- com.annular.testrunners.TC_534 -->
